<?xml version="1.0" encoding="UTF-8"?>
<testsuite name="ru.java.service.cicd_lab.CicdLabApplicationTests" tests="1" skipped="0" failures="0" errors="0" timestamp="2024-03-24T11:18:05" hostname="DESKTOP-OCM6K51" time="0.806">
  <properties/>
  <testcase name="contextLoads()" classname="ru.java.service.cicd_lab.CicdLabApplicationTests" time="0.806"/>
  <system-out><![CDATA[18:18:03.787 [Test worker] INFO org.springframework.test.context.support.AnnotationConfigContextLoaderUtils -- Could not detect default configuration classes for test class [ru.java.service.cicd_lab.CicdLabApplicationTests]: CicdLabApplicationTests does not declare any static, non-private, non-final, nested classes annotated with @Configuration.
18:18:03.899 [Test worker] INFO org.springframework.boot.test.context.SpringBootTestContextBootstrapper -- Found @SpringBootConfiguration ru.java.service.cicd_lab.CicdLabApplication for test class ru.java.service.cicd_lab.CicdLabApplicationTests

  .   ____          _            __ _ _
 /\\ / ___'_ __ _ _(_)_ __  __ _ \ \ \ \
( ( )\___ | '_ | '_| | '_ \/ _` | \ \ \ \
 \\/  ___)| |_)| | | | | || (_| |  ) ) ) )
  '  |____| .__|_| |_|_| |_\__, | / / / /
 =========|_|==============|___/=/_/_/_/
 :: Spring Boot ::                (v3.2.4)

2024-03-24T18:18:04.258+07:00  INFO 23920 --- [CICD_lab] [    Test worker] r.j.s.cicd_lab.CicdLabApplicationTests   : Starting CicdLabApplicationTests using Java 17.0.2 with PID 23920 (started by login in D:\Documents\Study\VL)
2024-03-24T18:18:04.259+07:00  INFO 23920 --- [CICD_lab] [    Test worker] r.j.s.cicd_lab.CicdLabApplicationTests   : No active profile set, falling back to 1 default profile: "default"
2024-03-24T18:18:05.245+07:00  INFO 23920 --- [CICD_lab] [    Test worker] r.j.s.cicd_lab.CicdLabApplicationTests   : Started CicdLabApplicationTests in 1.191 seconds (process running for 2.449)
]]></system-out>
  <system-err><![CDATA[]]></system-err>
</testsuite>
